[0m[[0m[0mdebug[0m] [0m[0m> Exec(run, Some(5a8476c4-e39a-4fd0-803c-fb99316e4040), Some(CommandSource(console0)))[0m
[0m[[0m[0mdebug[0m] [0m[0mEvaluating tasks: Compile / run[0m
[0m[[0m[0mdebug[0m] [0m[0mRunning task... Cancel: Signal, check cycles: false, forcegc: true[0m
[0m[[0m[31merror[0m] [0m[0mjava.lang.RuntimeException: found version conflict(s) in library dependencies; some are suspected to be binary incompatible:[0m
[0m[[0m[31merror[0m] [0m[0m[0m
[0m[[0m[31merror[0m] [0m[0m	* org.http4s:http4s-core_3:1.0.0-M38 (early-semver) is selected over 0.23.17[0m
[0m[[0m[31merror[0m] [0m[0m	    +- org.http4s:http4s-client_3:1.0.0-M38               (depends on 1.0.0-M38)[0m
[0m[[0m[31merror[0m] [0m[0m	    +- org.http4s:http4s-server_3:1.0.0-M38               (depends on 1.0.0-M38)[0m
[0m[[0m[31merror[0m] [0m[0m	    +- org.http4s:http4s-dsl_3:1.0.0-M38                  (depends on 1.0.0-M38)[0m
[0m[[0m[31merror[0m] [0m[0m	    +- org.http4s:http4s-ember-core_3:1.0.0-M38           (depends on 1.0.0-M38)[0m
[0m[[0m[31merror[0m] [0m[0m	    +- org.http4s:http4s-scala-xml_3:1.0.0-M38            (depends on 0.23.17)[0m
[0m[[0m[31merror[0m] [0m[0m[0m
[0m[[0m[31merror[0m] [0m[0m[0m
[0m[[0m[31merror[0m] [0m[0mthis can be overridden using libraryDependencySchemes or evictionErrorLevel[0m
[0m[[0m[31merror[0m] [0m[0m	at scala.sys.package$.error(package.scala:30)[0m
[0m[[0m[31merror[0m] [0m[0m	at sbt.internal.LibraryManagement$.resolve$1(LibraryManagement.scala:90)[0m
[0m[[0m[31merror[0m] [0m[0m	at sbt.internal.LibraryManagement$.$anonfun$cachedUpdate$12(LibraryManagement.scala:142)[0m
[0m[[0m[31merror[0m] [0m[0m	at sbt.util.Tracked$.$anonfun$lastOutput$1(Tracked.scala:74)[0m
[0m[[0m[31merror[0m] [0m[0m	at sbt.internal.LibraryManagement$.$anonfun$cachedUpdate$11(LibraryManagement.scala:144)[0m
[0m[[0m[31merror[0m] [0m[0m	at sbt.internal.LibraryManagement$.$anonfun$cachedUpdate$11$adapted(LibraryManagement.scala:131)[0m
[0m[[0m[31merror[0m] [0m[0m	at sbt.util.Tracked$.$anonfun$inputChangedW$1(Tracked.scala:220)[0m
[0m[[0m[31merror[0m] [0m[0m	at sbt.internal.LibraryManagement$.cachedUpdate(LibraryManagement.scala:169)[0m
[0m[[0m[31merror[0m] [0m[0m	at sbt.Classpaths$.$anonfun$updateTask0$1(Defaults.scala:3912)[0m
[0m[[0m[31merror[0m] [0m[0m	at scala.Function1.$anonfun$compose$1(Function1.scala:49)[0m
[0m[[0m[31merror[0m] [0m[0m	at sbt.internal.util.$tilde$greater.$anonfun$$u2219$1(TypeFunctions.scala:63)[0m
[0m[[0m[31merror[0m] [0m[0m	at sbt.std.Transform$$anon$4.work(Transform.scala:69)[0m
[0m[[0m[31merror[0m] [0m[0m	at sbt.Execute.$anonfun$submit$2(Execute.scala:283)[0m
[0m[[0m[31merror[0m] [0m[0m	at sbt.internal.util.ErrorHandling$.wideConvert(ErrorHandling.scala:24)[0m
[0m[[0m[31merror[0m] [0m[0m	at sbt.Execute.work(Execute.scala:292)[0m
[0m[[0m[31merror[0m] [0m[0m	at sbt.Execute.$anonfun$submit$1(Execute.scala:283)[0m
[0m[[0m[31merror[0m] [0m[0m	at sbt.ConcurrentRestrictions$$anon$4.$anonfun$submitValid$1(ConcurrentRestrictions.scala:265)[0m
[0m[[0m[31merror[0m] [0m[0m	at sbt.CompletionService$$anon$2.call(CompletionService.scala:65)[0m
[0m[[0m[31merror[0m] [0m[0m	at java.base/java.util.concurrent.FutureTask.run(FutureTask.java:264)[0m
[0m[[0m[31merror[0m] [0m[0m	at java.base/java.util.concurrent.Executors$RunnableAdapter.call(Executors.java:539)[0m
[0m[[0m[31merror[0m] [0m[0m	at java.base/java.util.concurrent.FutureTask.run(FutureTask.java:264)[0m
[0m[[0m[31merror[0m] [0m[0m	at java.base/java.util.concurrent.ThreadPoolExecutor.runWorker(ThreadPoolExecutor.java:1136)[0m
[0m[[0m[31merror[0m] [0m[0m	at java.base/java.util.concurrent.ThreadPoolExecutor$Worker.run(ThreadPoolExecutor.java:635)[0m
[0m[[0m[31merror[0m] [0m[0m	at java.base/java.lang.Thread.run(Thread.java:840)[0m
[0m[[0m[31merror[0m] [0m[0m([31mupdate[0m) found version conflict(s) in library dependencies; some are suspected to be binary incompatible:[0m
[0m[[0m[31merror[0m] [0m[0m[0m
[0m[[0m[31merror[0m] [0m[0m	* org.http4s:http4s-core_3:1.0.0-M38 (early-semver) is selected over 0.23.17[0m
[0m[[0m[31merror[0m] [0m[0m	    +- org.http4s:http4s-client_3:1.0.0-M38               (depends on 1.0.0-M38)[0m
[0m[[0m[31merror[0m] [0m[0m	    +- org.http4s:http4s-server_3:1.0.0-M38               (depends on 1.0.0-M38)[0m
[0m[[0m[31merror[0m] [0m[0m	    +- org.http4s:http4s-dsl_3:1.0.0-M38                  (depends on 1.0.0-M38)[0m
[0m[[0m[31merror[0m] [0m[0m	    +- org.http4s:http4s-ember-core_3:1.0.0-M38           (depends on 1.0.0-M38)[0m
[0m[[0m[31merror[0m] [0m[0m	    +- org.http4s:http4s-scala-xml_3:1.0.0-M38            (depends on 0.23.17)[0m
[0m[[0m[31merror[0m] [0m[0m[0m
[0m[[0m[31merror[0m] [0m[0m[0m
[0m[[0m[31merror[0m] [0m[0mthis can be overridden using libraryDependencySchemes or evictionErrorLevel[0m
[0m[[0m[31merror[0m] [0m[0mTotal time: 1 s, completed Jan 11, 2025, 10:09:02 PM[0m
[0m[[0m[0mdebug[0m] [0m[0m> Exec(shell, None, None)[0m
