[0m[[0m[0mdebug[0m] [0m[0m> Exec(__runWatch console0, Some(2846f7d6-b27e-47a3-9f50-b605981bb70d), Some(CommandSource(console0)))[0m
[0m[[0m[0mdebug[0m] [0m[0m> Exec(sbtStashOnFailure, None, Some(CommandSource(console0)))[0m
[0m[[0m[0mdebug[0m] [0m[0m> Exec(__preWatch console0, None, Some(CommandSource(console0)))[0m
[0m[[0m[0mdebug[0m] [0m[0m> Exec(compile, None, Some(CommandSource(console0)))[0m
[0m[[0m[0mdebug[0m] [0m[0mEvaluating tasks: Compile / compile[0m
[0m[[0m[0mdebug[0m] [0m[0mRunning task... Cancel: Signal, check cycles: false, forcegc: true[0m
[0m[[0m[0minfo[0m] [0m[0mcompiling 21 Scala sources to /home/artyom/Scala/moscow-fintech-project/target/scala-3.3.4/classes ...[0m
[0m[[0m[31merror[0m] [0m[0m[31m[31m-- [E008] Not Found Error: /home/artyom/Scala/moscow-fintech-project/src/main/scala/fintech/http/routes/GetDataXmlRoutes.scala:8:18 [0m[0m[0m
[0m[[0m[31merror[0m] [0m[0m[31m8 |[0m[33mimport[0m org.http4s.c[0m
[0m[[0m[31merror[0m] [0m[0m[31m[31m  |[0m                  ^[0m[0m
[0m[[0m[31merror[0m] [0m[0m[31m  |[0m                  value c is not a member of org.http4s[0m
[0m[[0m[31merror[0m] [0m[0m[31m[31m-- [E050] Type Error: /home/artyom/Scala/moscow-fintech-project/src/main/scala/fintech/http/routes/GetDataXmlRoutes.scala:24:16 [0m[0m[0m
[0m[[0m[31merror[0m] [0m[0m[31m24 |[0m                Ok([31m""[0m)[0m
[0m[[0m[31merror[0m] [0m[0m[31m[31m   |[0m                ^^[0m[0m
[0m[[0m[31merror[0m] [0m[0m[31m   |[0m                [33mvalue[0m [35mOk[0m in [33mobject[0m [35mStatus[0m does not take parameters[0m
[0m[[0m[31merror[0m] [0m[0m[31m   |[0m[0m
[0m[[0m[31merror[0m] [0m[0m[31m   |[0m longer explanation available when compiling with `-explain`[0m
[0m[[0m[33mwarn[0m] [0m[0m[33m[33m-- Warning: /home/artyom/Scala/moscow-fintech-project/src/main/scala/fintech/modules/Services.scala:21:8 [0m[0m[0m
[0m[[0m[33mwarn[0m] [0m[0m[33m21 |[0m        Resource.eval(Sync[[35mF[0m].delay([33mnew[0m [35mServices[0m[[35mF[0m](healthService, securitiesService)))[0m
[0m[[0m[33mwarn[0m] [0m[0m[33m[33m   |[0m        ^[0m[0m
[0m[[0m[33mwarn[0m] [0m[0m[33m   |[0m        Line is indented too far to the left, or a `}` is missing[0m
[0m[[0m[33mwarn[0m] [0m[0mone warning found[0m
[0m[[0m[31merror[0m] [0m[0mtwo errors found[0m
[0m[[0m[31merror[0m] [0m[0m(Compile / [31mcompileIncremental[0m) Compilation failed[0m
[0m[[0m[31merror[0m] [0m[0mTotal time: 1 s, completed Jan 11, 2025, 9:38:43 PM[0m
[0m[[0m[0mdebug[0m] [0m[0m> Exec(resumeFromFailure, None, Some(CommandSource(console0)))[0m
[0m[[0m[0mdebug[0m] [0m[0m> Exec(sbtPopOnFailure, None, Some(CommandSource(console0)))[0m
[0m[[0m[0mdebug[0m] [0m[0m> Exec(__postWatch console0, None, Some(CommandSource(console0)))[0m
[0m[[0m[0mdebug[0m] [0m[0m> Exec(resumeFromFailure, None, None)[0m
[0m[[0m[0mdebug[0m] [0m[0m> Exec(__waitWatch console0, None, None)[0m
