[0m[[0m[0mdebug[0m] [0m[0m> Exec(~compile, Some(69be6e51-32e6-41b3-a318-55a4a409af6c), Some(CommandSource(console0)))[0m
[0m[[0m[0mdebug[0m] [0m[0m> Exec(__runWatch console0, None, Some(CommandSource(console0)))[0m
[0m[[0m[0mdebug[0m] [0m[0m> Exec(sbtStashOnFailure, None, Some(CommandSource(console0)))[0m
[0m[[0m[0mdebug[0m] [0m[0m> Exec(__preWatch console0, None, Some(CommandSource(console0)))[0m
[0m[[0m[0mdebug[0m] [0m[0m> Exec(compile, None, Some(CommandSource(console0)))[0m
[0m[[0m[0mdebug[0m] [0m[0mEvaluating tasks: Compile / compile[0m
[0m[[0m[0mdebug[0m] [0m[0mRunning task... Cancel: Signal, check cycles: false, forcegc: true[0m
[0m[[0m[0minfo[0m] [0m[0mcompiling 21 Scala sources to /home/artyom/Scala/moscow-fintech-project/target/scala-3.3.4/classes ...[0m
[0m[[0m[31merror[0m] [0m[0m[31m[31m-- [E006] Not Found Error: /home/artyom/Scala/moscow-fintech-project/src/main/scala/fintech/modules/HttpApi.scala:12:31 [0m[0m[0m
[0m[[0m[31merror[0m] [0m[0m[31m12 |[0m    [33mprivate[0m [33mval[0m getXmlRoutes = GetXmlRoutes[0m
[0m[[0m[31merror[0m] [0m[0m[31m[31m   |[0m                               ^^^^^^^^^^^^[0m[0m
[0m[[0m[31merror[0m] [0m[0m[31m   |[0m                               Not found: GetXmlRoutes[0m
[0m[[0m[31merror[0m] [0m[0m[31m   |[0m[0m
[0m[[0m[31merror[0m] [0m[0m[31m   |[0m longer explanation available when compiling with `-explain`[0m
[0m[[0m[33mwarn[0m] [0m[0m[33m[33m-- Warning: /home/artyom/Scala/moscow-fintech-project/src/main/scala/fintech/modules/Services.scala:21:8 [0m[0m[0m
[0m[[0m[33mwarn[0m] [0m[0m[33m21 |[0m        Resource.eval(Sync[[35mF[0m].delay([33mnew[0m [35mServices[0m[[35mF[0m](healthService, securitiesService)))[0m
[0m[[0m[33mwarn[0m] [0m[0m[33m[33m   |[0m        ^[0m[0m
[0m[[0m[33mwarn[0m] [0m[0m[33m   |[0m        Line is indented too far to the left, or a `}` is missing[0m
[0m[[0m[33mwarn[0m] [0m[0mone warning found[0m
[0m[[0m[31merror[0m] [0m[0mone error found[0m
[0m[[0m[31merror[0m] [0m[0m(Compile / [31mcompileIncremental[0m) Compilation failed[0m
[0m[[0m[31merror[0m] [0m[0mTotal time: 1 s, completed Jan 11, 2025, 10:51:55 PM[0m
[0m[[0m[0mdebug[0m] [0m[0m> Exec(resumeFromFailure, None, Some(CommandSource(console0)))[0m
[0m[[0m[0mdebug[0m] [0m[0m> Exec(sbtPopOnFailure, None, Some(CommandSource(console0)))[0m
[0m[[0m[0mdebug[0m] [0m[0m> Exec(__postWatch console0, None, Some(CommandSource(console0)))[0m
[0m[[0m[0mdebug[0m] [0m[0m> Exec(__waitWatch console0, None, Some(CommandSource(console0)))[0m
